CURRFX.AUDUSD.1
CURRFX.AUDNZD.1
CURRFX.AUDJPY.1
CURRFX.GBPAUD.1
CURRFX.EURAUD.1
CURRFX.AUDCHF.1
CURRFX.AUDCAD.1
CURRFX.USDCAD.1
CURRFX.NZDCAD.1
CURRFX.CADJPY.1
CURRFX.GBPCAD.1
CURRFX.EURCAD.1
CURRFX.CADCHF.1
CURRFX.USDCHF.1
CURRFX.NZDCHF.1
CURRFX.CHFJPY.1
CURRFX.GBPCHF.1
CURRFX.EURCHF.1
CURRFX.EURUSD.1
CURRFX.EURNZD.1
CURRFX.EURJPY.1
CURRFX.EURGBP.1
CURRFX.GBPUSD.1
CURRFX.GBPNZD.1
CURRFX.GBPJPY.1
CURRFX.USDJPY.1
CURRFX.NZDJPY.1
CURRFX.NZDUSD.1
NIKKEI.INDEX.4
LBMA.SILVER.1
BUNDESBANK.BBK01_WT5511.1
OFDP.COPPER_6.3
WSJ.CORN_2.1
LPPM.PLAT.1
DOE.RWTC.1
NASDAQOMX.NDX.1
BCB.UDJIAD1.1
YAHOO.INDEX_GDAXI.4
YAHOO.INDEX_AORD.4
YAHOO.INDEX_SSEC.4
YAHOO.INDEX_GSPC.4
YAHOO.INDEX_FCHI.4
YAHOO.INDEX_GSPTSE.4
